# JRE version: Java(TM) SE Runtime Environment (22.0+36) (build 22+36-2370)
# Java VM: Java HotSpot(TM) 64-Bit Server VM (22+36-2370, mixed mode, sharing, tiered, compressed oops, compressed class ptrs, g1 gc, windows-amd64)
GC Precious Log:
 CardTable entry size: 512
 Card Set container configuration: InlinePtr #cards 5 size 8 Array Of Cards #cards 12 size 40 Howl #buckets 4 coarsen threshold 1843 Howl Bitmap #cards 512 size 80 coarsen threshold 460 Card regions per heap region 1 cards per card region 2048
 CPUs: 12 total, 12 available
 Memory: 7528M
 Large Page Support: Disabled
 NUMA Support: Disabled
 Compressed Oops: Enabled (32-bit)
 Heap Region Size: 1M
 Heap Min Capacity: 8M
 Heap Initial Capacity: 118M
 Heap Max Capacity: 1884M
 Pre-touch: Disabled
 Parallel Workers: 10
 Concurrent Workers: 3
 Concurrent Refinement Workers: 10
 Periodic GC: Disabled
Heap:
 garbage-first heap   total reserved 1929216K, committed 37888K, used 26761K [0x000000008a400000, 0x0000000100000000)
  region size 1024K, 14 young (14336K), 0 survivors (0K)
 Metaspace       used 31939K, committed 32576K, reserved 1114112K
  class space    used 4029K, committed 4352K, reserved 1048576K
GC Heap History (18 events):
Event: 1.641 GC heap before
{Heap before GC invocations=0 (full 0):
 garbage-first heap   total reserved 1929216K, committed 120832K, used 23552K [0x000000008a400000, 0x0000000100000000)
  region size 1024K, 24 young (24576K), 0 survivors (0K)
 Metaspace       used 7180K, committed 7488K, reserved 1114112K
  class space    used 836K, committed 960K, reserved 1048576K
}
Event: 1.649 GC heap after
{Heap after GC invocations=1 (full 0):
 garbage-first heap   total reserved 1929216K, committed 120832K, used 4895K [0x000000008a400000, 0x0000000100000000)
  region size 1024K, 3 young (3072K), 3 survivors (3072K)
 Metaspace       used 7180K, committed 7488K, reserved 1114112K
  class space    used 836K, committed 960K, reserved 1048576K
}
Event: 2.481 GC heap before
{Heap before GC invocations=1 (full 0):
 garbage-first heap   total reserved 1929216K, committed 120832K, used 35615K [0x000000008a400000, 0x0000000100000000)
  region size 1024K, 34 young (34816K), 3 survivors (3072K)
 Metaspace       used 15380K, committed 15616K, reserved 1114112K
  class space    used 1882K, committed 1984K, reserved 1048576K
}
Event: 2.488 GC heap after
{Heap after GC invocations=2 (full 0):
 garbage-first heap   total reserved 1929216K, committed 120832K, used 7670K [0x000000008a400000, 0x0000000100000000)
  region size 1024K, 3 young (3072K), 3 survivors (3072K)
 Metaspace       used 15380K, committed 15616K, reserved 1114112K
  class space    used 1882K, committed 1984K, reserved 1048576K
}
Event: 3.814 GC heap before
{Heap before GC invocations=2 (full 0):
 garbage-first heap   total reserved 1929216K, committed 120832K, used 42486K [0x000000008a400000, 0x0000000100000000)
  region size 1024K, 38 young (38912K), 3 survivors (3072K)
 Metaspace       used 21065K, committed 21504K, reserved 1114112K
  class space    used 2607K, committed 2816K, reserved 1048576K
}
Event: 3.823 GC heap after
{Heap after GC invocations=3 (full 0):
 garbage-first heap   total reserved 1929216K, committed 120832K, used 10841K [0x000000008a400000, 0x0000000100000000)
  region size 1024K, 6 young (6144K), 6 survivors (6144K)
 Metaspace       used 21065K, committed 21504K, reserved 1114112K
  class space    used 2607K, committed 2816K, reserved 1048576K
}
Event: 4.601 GC heap before
{Heap before GC invocations=4 (full 0):
 garbage-first heap   total reserved 1929216K, committed 37888K, used 27225K [0x000000008a400000, 0x0000000100000000)
  region size 1024K, 22 young (22528K), 6 survivors (6144K)
 Metaspace       used 24579K, committed 25088K, reserved 1114112K
  class space    used 3103K, committed 3328K, reserved 1048576K
}
Event: 4.610 GC heap after
{Heap after GC invocations=5 (full 0):
 garbage-first heap   total reserved 1929216K, committed 37888K, used 12802K [0x000000008a400000, 0x0000000100000000)
  region size 1024K, 3 young (3072K), 3 survivors (3072K)
 Metaspace       used 24579K, committed 25088K, reserved 1114112K
  class space    used 3103K, committed 3328K, reserved 1048576K
}
Event: 5.191 GC heap before
{Heap before GC invocations=5 (full 0):
 garbage-first heap   total reserved 1929216K, committed 37888K, used 29186K [0x000000008a400000, 0x0000000100000000)
  region size 1024K, 20 young (20480K), 3 survivors (3072K)
 Metaspace       used 27527K, committed 28096K, reserved 1114112K
  class space    used 3499K, committed 3776K, reserved 1048576K
}
Event: 5.195 GC heap after
{Heap after GC invocations=6 (full 0):
 garbage-first heap   total reserved 1929216K, committed 37888K, used 14329K [0x000000008a400000, 0x0000000100000000)
  region size 1024K, 3 young (3072K), 3 survivors (3072K)
 Metaspace       used 27527K, committed 28096K, reserved 1114112K
  class space    used 3499K, committed 3776K, reserved 1048576K
}
Event: 631.916 GC heap before
{Heap before GC invocations=6 (full 0):
 garbage-first heap   total reserved 1929216K, committed 37888K, used 30713K [0x000000008a400000, 0x0000000100000000)
  region size 1024K, 19 young (19456K), 3 survivors (3072K)
 Metaspace       used 30422K, committed 31040K, reserved 1114112K
  class space    used 3881K, committed 4160K, reserved 1048576K
}
Event: 631.920 GC heap after
{Heap after GC invocations=7 (full 0):
 garbage-first heap   total reserved 1929216K, committed 37888K, used 15378K [0x000000008a400000, 0x0000000100000000)
  region size 1024K, 2 young (2048K), 2 survivors (2048K)
 Metaspace       used 30422K, committed 31040K, reserved 1114112K
  class space    used 3881K, committed 4160K, reserved 1048576K
}
Event: 975.563 GC heap before
{Heap before GC invocations=7 (full 0):
 garbage-first heap   total reserved 1929216K, committed 37888K, used 22546K [0x000000008a400000, 0x0000000100000000)
  region size 1024K, 10 young (10240K), 2 survivors (2048K)
 Metaspace       used 31495K, committed 32128K, reserved 1114112K
  class space    used 4025K, committed 4288K, reserved 1048576K
}
Event: 975.603 GC heap after
{Heap after GC invocations=8 (full 1):
 garbage-first heap   total reserved 1929216K, committed 37888K, used 13606K [0x000000008a400000, 0x0000000100000000)
  region size 1024K, 0 young (0K), 0 survivors (0K)
 Metaspace       used 31495K, committed 32128K, reserved 1114112K
  class space    used 4025K, committed 4288K, reserved 1048576K
}
Event: 975.994 GC heap before
{Heap before GC invocations=8 (full 1):
 garbage-first heap   total reserved 1929216K, committed 37888K, used 31014K [0x000000008a400000, 0x0000000100000000)
  region size 1024K, 17 young (17408K), 0 survivors (0K)
 Metaspace       used 31691K, committed 32320K, reserved 1114112K
  class space    used 4028K, committed 4288K, reserved 1048576K
}
Event: 975.997 GC heap after
{Heap after GC invocations=9 (full 1):
 garbage-first heap   total reserved 1929216K, committed 37888K, used 15502K [0x000000008a400000, 0x0000000100000000)
  region size 1024K, 2 young (2048K), 2 survivors (2048K)
 Metaspace       used 31691K, committed 32320K, reserved 1114112K
  class space    used 4028K, committed 4288K, reserved 1048576K
}
Event: 1061.164 GC heap before
{Heap before GC invocations=9 (full 1):
 garbage-first heap   total reserved 1929216K, committed 37888K, used 22670K [0x000000008a400000, 0x0000000100000000)
  region size 1024K, 10 young (10240K), 2 survivors (2048K)
 Metaspace       used 31833K, committed 32512K, reserved 1114112K
  class space    used 4030K, committed 4352K, reserved 1048576K
}
Event: 1061.239 GC heap after
{Heap after GC invocations=10 (full 2):
 garbage-first heap   total reserved 1929216K, committed 37888K, used 13449K [0x000000008a400000, 0x0000000100000000)
  region size 1024K, 0 young (0K), 0 survivors (0K)
 Metaspace       used 31831K, committed 32512K, reserved 1114112K
  class space    used 4029K, committed 4352K, reserved 1048576K
}

